<?xml version="1.0" encoding="UTF-8"?>
<!-- Generated by org.testng.reporters.JUnitXMLReporter -->
<testsuite ignored="0" hostname="DESKTOP-8521J20" failures="0" tests="4" name="Test" time="17.523" errors="0" timestamp="2024-07-19T18:21:28 IST">
  <testcase classname="io.cucumber.testng.AbstractTestNGCucumberTests" name="runScenario" time="6.795"/>
  <testcase classname="io.cucumber.testng.AbstractTestNGCucumberTests" name="runScenario" time="3.336"/>
  <testcase classname="io.cucumber.testng.AbstractTestNGCucumberTests" name="runScenario" time="5.975"/>
  <testcase classname="showRunner.pkg.RunnerClass" name="TC1" time="0.002"/>
</testsuite> <!-- Test -->
