<?xml version="1.0" encoding="UTF-8"?>
<!-- Generated by org.testng.reporters.JUnitXMLReporter -->
<testsuite ignored="0" hostname="DESKTOP-8521J20" failures="0" tests="3" name="Test" time="8.067" errors="0" timestamp="2024-07-19T15:18:25 IST">
  <testcase classname="io.cucumber.testng.AbstractTestNGCucumberTests" name="runScenario" time="4.434"/>
  <testcase classname="io.cucumber.testng.AbstractTestNGCucumberTests" name="runScenario" time="2.715"/>
  <testcase classname="showRunner.pkg.RunnerClass" name="TC1" time="0.001"/>
</testsuite> <!-- Test -->
