<?xml version="1.0" encoding="UTF-8"?>
<testsuite xmlns:xsi="http://www.w3.org/2001/XMLSchema-instance" xsi:noNamespaceSchemaLocation="https://maven.apache.org/surefire/maven-surefire-plugin/xsd/surefire-test-report-3.0.xsd" version="3.0" name="TestSuite" time="18.523" tests="4" errors="0" skipped="0" failures="2">
  <properties>
[...]
</properties>
  <testcase name="runScenario[&quot;To verify successful login to Login Feature via multiple users.&quot;, &quot;Login Feature for Sauce Demo&quot;](1)" classname="showRunner.pkg.RunnerClass" time="6.288">
    <failure message="The system cannot find the path specified" type="java.io.IOException"><![CDATA[java.io.IOException: The system cannot find the path specified
	at java.base/java.io.WinNTFileSystem.canonicalize0(Native Method)
	at java.base/java.io.WinNTFileSystem.canonicalize(WinNTFileSystem.java:463)
	at java.base/java.io.File.getCanonicalPath(File.java:626)
	at org.apache.commons.io.FileUtils.requireCanonicalPathsNotEquals(FileUtils.java:2601)
	at org.apache.commons.io.FileUtils.copyFile(FileUtils.java:842)
	at org.apache.commons.io.FileUtils.copyFile(FileUtils.java:756)
	at stepDefinition.pkg.StepDef.addScreenShotFile(StepDef.java:73)
]]></failure>
    <system-out><![CDATA[Before each scenario
[INFO ] 2024-08-07 15:26:50.841 [main] StepDef - Chrome Browser initialized
[INFO ] 2024-08-07 15:26:50.907 [main] StepDef - Chrome Browser Opened
Before each scenario
[INFO ] 2024-08-07 15:26:51.287 [main] StepDef - Chrome Browser closed
]]></system-out>
    <system-err><![CDATA[SLF4J: Failed to load class "org.slf4j.impl.StaticLoggerBinder".
SLF4J: Defaulting to no-operation (NOP) logger implementation
SLF4J: See http://www.slf4j.org/codes.html#StaticLoggerBinder for further details.
Aug 07, 2024 3:26:50 PM org.openqa.selenium.devtools.CdpVersionFinder findNearestMatch
WARNING: Unable to find an exact match for CDP version 127, returning the closest version; found: 125; Please update to a Selenium version that supports CDP version 127
Aug 07, 2024 3:26:51 PM org.openqa.selenium.remote.http.WebSocket$Listener onError
WARNING: Connection reset
java.net.SocketException: Connection reset
	at java.base/sun.nio.ch.SocketChannelImpl.throwConnectionReset(SocketChannelImpl.java:401)
	at java.base/sun.nio.ch.SocketChannelImpl.read(SocketChannelImpl.java:434)
	at java.net.http/jdk.internal.net.http.SocketTube.readAvailable(SocketTube.java:1178)
	at java.net.http/jdk.internal.net.http.SocketTube$InternalReadPublisher$InternalReadSubscription.read(SocketTube.java:841)
	at java.net.http/jdk.internal.net.http.SocketTube$SocketFlowTask.run(SocketTube.java:181)
	at java.net.http/jdk.internal.net.http.common.SequentialScheduler$SchedulableTask.run(SequentialScheduler.java:207)
	at java.net.http/jdk.internal.net.http.common.SequentialScheduler.runOrSchedule(SequentialScheduler.java:280)
	at java.net.http/jdk.internal.net.http.common.SequentialScheduler.runOrSchedule(SequentialScheduler.java:233)
	at java.net.http/jdk.internal.net.http.SocketTube$InternalReadPublisher$InternalReadSubscription.signalReadable(SocketTube.java:782)
	at java.net.http/jdk.internal.net.http.SocketTube$InternalReadPublisher$ReadEvent.signalEvent(SocketTube.java:965)
	at java.net.http/jdk.internal.net.http.SocketTube$SocketFlowEvent.handle(SocketTube.java:253)
	at java.net.http/jdk.internal.net.http.HttpClientImpl$SelectorManager.handleEvent(HttpClientImpl.java:1467)
	at java.net.http/jdk.internal.net.http.HttpClientImpl$SelectorManager.lambda$run$3(HttpClientImpl.java:1412)
	at java.base/java.util.ArrayList.forEach(ArrayList.java:1596)
	at java.net.http/jdk.internal.net.http.HttpClientImpl$SelectorManager.run(HttpClientImpl.java:1412)

]]></system-err>
  </testcase>
  <testcase name="runScenario[&quot;To verify successful login to Login Feature via multiple users.&quot;, &quot;Login Feature for Sauce Demo&quot;](2)" classname="showRunner.pkg.RunnerClass" time="1.891">
    <failure message="Cannot create a file when that file already exists" type="java.io.IOException"><![CDATA[java.io.IOException: Cannot create a file when that file already exists
	at java.base/java.io.WinNTFileSystem.canonicalize0(Native Method)
	at java.base/java.io.WinNTFileSystem.canonicalize(WinNTFileSystem.java:463)
	at java.base/java.io.File.getCanonicalPath(File.java:626)
	at org.apache.commons.io.FileUtils.requireCanonicalPathsNotEquals(FileUtils.java:2601)
	at org.apache.commons.io.FileUtils.copyFile(FileUtils.java:842)
	at org.apache.commons.io.FileUtils.copyFile(FileUtils.java:756)
	at stepDefinition.pkg.StepDef.addScreenShotFile(StepDef.java:73)
]]></failure>
    <system-out><![CDATA[Before each scenario
[INFO ] 2024-08-07 15:26:52.827 [main] StepDef - Chrome Browser initialized
[INFO ] 2024-08-07 15:26:52.831 [main] StepDef - Chrome Browser Opened
Before each scenario
[INFO ] 2024-08-07 15:26:53.208 [main] StepDef - Chrome Browser closed
]]></system-out>
    <system-err><![CDATA[Aug 07, 2024 3:26:52 PM org.openqa.selenium.devtools.CdpVersionFinder findNearestMatch
WARNING: Unable to find an exact match for CDP version 127, returning the closest version; found: 125; Please update to a Selenium version that supports CDP version 127
]]></system-err>
  </testcase>
  <testcase name="runScenario[&quot;To buy products using the checkoutfeature&quot;, &quot;To validate the product finalisation&quot;](3)" classname="showRunner.pkg.RunnerClass" time="8.02">
    <system-out><![CDATA[Before each scenario
[INFO ] 2024-08-07 15:26:54.755 [main] StepDef - Chrome Browser initialized
[INFO ] 2024-08-07 15:26:54.758 [main] StepDef - Chrome Browser Opened
[INFO ] 2024-08-07 15:26:56.676 [main] StepDef - URL searched in Browser
[INFO ] 2024-08-07 15:26:56.972 [main] StepDef - Page title is a match
[INFO ] 2024-08-07 15:26:57.627 [main] StepDef - Succesfully entered the credentials
[INFO ] 2024-08-07 15:26:57.992 [main] StepDef - Clicked on login button
[INFO ] 2024-08-07 15:26:58.279 [main] StepDef - Page title is a match
[INFO ] 2024-08-07 15:26:59.234 [main] StepDef - Page title is a match
Before each scenario
[INFO ] 2024-08-07 15:27:01.227 [main] StepDef - Chrome Browser closed
]]></system-out>
    <system-err><![CDATA[Aug 07, 2024 3:26:54 PM org.openqa.selenium.devtools.CdpVersionFinder findNearestMatch
WARNING: Unable to find an exact match for CDP version 127, returning the closest version; found: 125; Please update to a Selenium version that supports CDP version 127
Aug 07, 2024 3:27:01 PM org.openqa.selenium.remote.http.WebSocket$Listener onError
WARNING: Connection reset
java.net.SocketException: Connection reset
	at java.base/sun.nio.ch.SocketChannelImpl.throwConnectionReset(SocketChannelImpl.java:401)
	at java.base/sun.nio.ch.SocketChannelImpl.read(SocketChannelImpl.java:434)
	at java.net.http/jdk.internal.net.http.SocketTube.readAvailable(SocketTube.java:1178)
	at java.net.http/jdk.internal.net.http.SocketTube$InternalReadPublisher$InternalReadSubscription.read(SocketTube.java:841)
	at java.net.http/jdk.internal.net.http.SocketTube$SocketFlowTask.run(SocketTube.java:181)
	at java.net.http/jdk.internal.net.http.common.SequentialScheduler$SchedulableTask.run(SequentialScheduler.java:207)
	at java.net.http/jdk.internal.net.http.common.SequentialScheduler.runOrSchedule(SequentialScheduler.java:280)
	at java.net.http/jdk.internal.net.http.common.SequentialScheduler.runOrSchedule(SequentialScheduler.java:233)
	at java.net.http/jdk.internal.net.http.SocketTube$InternalReadPublisher$InternalReadSubscription.signalReadable(SocketTube.java:782)
	at java.net.http/jdk.internal.net.http.SocketTube$InternalReadPublisher$ReadEvent.signalEvent(SocketTube.java:965)
	at java.net.http/jdk.internal.net.http.SocketTube$SocketFlowEvent.handle(SocketTube.java:253)
	at java.net.http/jdk.internal.net.http.HttpClientImpl$SelectorManager.handleEvent(HttpClientImpl.java:1467)
	at java.net.http/jdk.internal.net.http.HttpClientImpl$SelectorManager.lambda$run$3(HttpClientImpl.java:1412)
	at java.base/java.util.ArrayList.forEach(ArrayList.java:1596)
	at java.net.http/jdk.internal.net.http.HttpClientImpl$SelectorManager.run(HttpClientImpl.java:1412)

]]></system-err>
  </testcase>
  <testcase name="TC1" classname="showRunner.pkg.RunnerClass" time="0.0"/>
</testsuite>