<?xml version="1.0" encoding="UTF-8"?>
<testng-results ignored="0" total="4" passed="4" failed="0" skipped="0">
  <reporter-output>
  </reporter-output>
  <suite started-at="2024-07-21T01:19:23 IST" name="Suite" finished-at="2024-07-21T01:19:40 IST" duration-ms="16877">
    <groups>
      <group name="cucumber">
        <method signature="AbstractTestNGCucumberTests.runScenario(io.cucumber.testng.PickleWrapper,io.cucumber.testng.FeatureWrapper)[pri:0, instance:showRunner.pkg.RunnerClass@4082ba93]" name="runScenario" class="io.cucumber.testng.AbstractTestNGCucumberTests"/>
      </group> <!-- cucumber -->
    </groups>
    <test started-at="2024-07-21T01:19:23 IST" name="Test" finished-at="2024-07-21T01:19:40 IST" duration-ms="16877">
      <class name="showRunner.pkg.RunnerClass">
        <test-method is-config="true" signature="setUpClass(org.testng.ITestContext)[pri:0, instance:showRunner.pkg.RunnerClass@4082ba93]" started-at="2024-07-21T01:19:23 IST" name="setUpClass" finished-at="2024-07-21T01:19:24 IST" duration-ms="762" status="PASS">
          <params>
            <param index="0">
              <value>
                <![CDATA[org.testng.TestRunner@4f5f474c]]>
              </value>
            </param>
          </params>
          <reporter-output>
          </reporter-output>
        </test-method> <!-- setUpClass -->
        <test-method signature="runScenario(io.cucumber.testng.PickleWrapper,io.cucumber.testng.FeatureWrapper)[pri:0, instance:showRunner.pkg.RunnerClass@4082ba93]" started-at="2024-07-21T01:19:24 IST" name="runScenario" description="Runs Cucumber Scenarios" data-provider="scenarios" finished-at="2024-07-21T01:19:31 IST" duration-ms="6736" status="PASS">
          <params>
            <param index="0">
              <value>
                <![CDATA["To verify successful login to Login Feature via multiple users."]]>
              </value>
            </param>
            <param index="1">
              <value>
                <![CDATA["Login Feature for Sauce Demo"]]>
              </value>
            </param>
          </params>
          <reporter-output>
          </reporter-output>
        </test-method> <!-- runScenario -->
        <test-method signature="runScenario(io.cucumber.testng.PickleWrapper,io.cucumber.testng.FeatureWrapper)[pri:0, instance:showRunner.pkg.RunnerClass@4082ba93]" started-at="2024-07-21T01:19:31 IST" name="runScenario" description="Runs Cucumber Scenarios" data-provider="scenarios" finished-at="2024-07-21T01:19:34 IST" duration-ms="3529" status="PASS">
          <params>
            <param index="0">
              <value>
                <![CDATA["To verify successful login to Login Feature via multiple users."]]>
              </value>
            </param>
            <param index="1">
              <value>
                <![CDATA["Login Feature for Sauce Demo"]]>
              </value>
            </param>
          </params>
          <reporter-output>
          </reporter-output>
        </test-method> <!-- runScenario -->
        <test-method signature="runScenario(io.cucumber.testng.PickleWrapper,io.cucumber.testng.FeatureWrapper)[pri:0, instance:showRunner.pkg.RunnerClass@4082ba93]" started-at="2024-07-21T01:19:34 IST" name="runScenario" description="Runs Cucumber Scenarios" data-provider="scenarios" finished-at="2024-07-21T01:19:40 IST" duration-ms="5267" status="PASS">
          <params>
            <param index="0">
              <value>
                <![CDATA["To buy products using the checkoutfeature"]]>
              </value>
            </param>
            <param index="1">
              <value>
                <![CDATA["To validate the product finalisation"]]>
              </value>
            </param>
          </params>
          <reporter-output>
          </reporter-output>
        </test-method> <!-- runScenario -->
        <test-method signature="TC1()[pri:0, instance:showRunner.pkg.RunnerClass@4082ba93]" started-at="2024-07-21T01:19:40 IST" name="TC1" finished-at="2024-07-21T01:19:40 IST" duration-ms="0" status="PASS">
          <reporter-output>
          </reporter-output>
        </test-method> <!-- TC1 -->
        <test-method is-config="true" signature="tearDownClass()[pri:0, instance:showRunner.pkg.RunnerClass@4082ba93]" started-at="2024-07-21T01:19:40 IST" name="tearDownClass" finished-at="2024-07-21T01:19:40 IST" duration-ms="508" status="PASS">
          <reporter-output>
          </reporter-output>
        </test-method> <!-- tearDownClass -->
      </class> <!-- showRunner.pkg.RunnerClass -->
    </test> <!-- Test -->
  </suite> <!-- Suite -->
</testng-results>
