-------------------------------------------------------------------------------
Test set: TestSuite
-------------------------------------------------------------------------------
Tests run: 4, Failures: 2, Errors: 0, Skipped: 0, Time elapsed: 18.52 s <<< FAILURE! -- in TestSuite
showRunner.pkg.RunnerClass.runScenario["To verify successful login to Login Feature via multiple users.", "Login Feature for Sauce Demo"](1) -- Time elapsed: 6.288 s <<< FAILURE!
java.io.IOException: The system cannot find the path specified
	at java.base/java.io.WinNTFileSystem.canonicalize0(Native Method)
	at java.base/java.io.WinNTFileSystem.canonicalize(WinNTFileSystem.java:463)
	at java.base/java.io.File.getCanonicalPath(File.java:626)
	at org.apache.commons.io.FileUtils.requireCanonicalPathsNotEquals(FileUtils.java:2601)
	at org.apache.commons.io.FileUtils.copyFile(FileUtils.java:842)
	at org.apache.commons.io.FileUtils.copyFile(FileUtils.java:756)
	at stepDefinition.pkg.StepDef.addScreenShotFile(StepDef.java:73)

showRunner.pkg.RunnerClass.runScenario["To verify successful login to Login Feature via multiple users.", "Login Feature for Sauce Demo"](2) -- Time elapsed: 1.891 s <<< FAILURE!
java.io.IOException: Cannot create a file when that file already exists
	at java.base/java.io.WinNTFileSystem.canonicalize0(Native Method)
	at java.base/java.io.WinNTFileSystem.canonicalize(WinNTFileSystem.java:463)
	at java.base/java.io.File.getCanonicalPath(File.java:626)
	at org.apache.commons.io.FileUtils.requireCanonicalPathsNotEquals(FileUtils.java:2601)
	at org.apache.commons.io.FileUtils.copyFile(FileUtils.java:842)
	at org.apache.commons.io.FileUtils.copyFile(FileUtils.java:756)
	at stepDefinition.pkg.StepDef.addScreenShotFile(StepDef.java:73)

