<?xml version="1.0" encoding="UTF-8"?>
<testsuite xmlns:xsi="http://www.w3.org/2001/XMLSchema-instance" xsi:noNamespaceSchemaLocation="https://maven.apache.org/surefire/maven-surefire-plugin/xsd/surefire-test-report-3.0.xsd" version="3.0" name="TestSuite" time="8.898" tests="3" errors="0" skipped="0" failures="0">
  <properties>
[...]
</properties>
  <testcase name="runScenario[&quot;To verify successful login to Login Feature via multiple users.&quot;, &quot;Login Feature for Sauce Demo&quot;](1)" classname="showRunner.pkg.RunnerClass" time="4.436">
    <system-out><![CDATA[
@Sanity
Scenario Outline: To verify successful login to Login Feature via multiple users. &amp#27;[90m# Features/Login.feature:21&amp#27;[0m
Before each scenario
[INFO ] 2024-07-19 15:18:21.362 [main] StepDef - Chrome Browser initialized
[INFO ] 2024-07-19 15:18:21.395 [main] StepDef - Chrome Browser Opened
  &amp#27;[32mGiven &amp#27;[0m&amp#27;[32mOpen chrome browser&amp#27;[0m                                                       &amp#27;[90m# stepDefinition.pkg.StepDef.open_chrome_browser()&amp#27;[0m
[INFO ] 2024-07-19 15:18:21.926 [main] StepDef - URL searched in Browser
  &amp#27;[32mAnd &amp#27;[0m&amp#27;[32mSearch the Url in Browser as &amp#27;[0m&amp#27;[32m&amp#27;[1m"https://www.saucedemo.com/"&amp#27;[0m                   &amp#27;[90m# stepDefinition.pkg.StepDef.search_the_url_in_browser_as(java.lang.String)&amp#27;[0m
[INFO ] 2024-07-19 15:18:21.983 [main] StepDef - Page title is a match
  &amp#27;[32mAnd &amp#27;[0m&amp#27;[32mVerify the title of page as &amp#27;[0m&amp#27;[32m&amp#27;[1m"Swag Labs"&amp#27;[0m                                     &amp#27;[90m# stepDefinition.pkg.StepDef.verify_the_title_of_page_as(java.lang.String)&amp#27;[0m
[INFO ] 2024-07-19 15:18:22.399 [main] StepDef - Succesfully entered the credentials
  &amp#27;[32mWhen &amp#27;[0m&amp#27;[32mEnter the emailaddress as &amp#27;[0m&amp#27;[32m&amp#27;[1m"standaaa_user"&amp#27;[0m&amp#27;[32m and password as &amp#27;[0m&amp#27;[32m&amp#27;[1m"secret_sauce"&amp#27;[0m   &amp#27;[90m# stepDefinition.pkg.StepDef.enter_the_emailaddress_as_and_password_as(java.lang.String,java.lang.String)&amp#27;[0m
[INFO ] 2024-07-19 15:18:22.493 [main] StepDef - Clicked on login button
  &amp#27;[32mAnd &amp#27;[0m&amp#27;[32mClick on the Login Button&amp#27;[0m                                                   &amp#27;[90m# stepDefinition.pkg.StepDef.click_on_the_login_button()&amp#27;[0m
[INFO ] 2024-07-19 15:18:22.505 [main] StepDef - Page title is a match
  &amp#27;[32mThen &amp#27;[0m&amp#27;[32mVerify the title of page as &amp#27;[0m&amp#27;[32m&amp#27;[1m"Swag Labs"&amp#27;[0m                                    &amp#27;[90m# stepDefinition.pkg.StepDef.verify_the_title_of_page_as(java.lang.String)&amp#27;[0m
Before each scenario
[INFO ] 2024-07-19 15:18:22.665 [main] StepDef - Chrome Browser closed
]]></system-out>
    <system-err><![CDATA[SLF4J: Failed to load class "org.slf4j.impl.StaticLoggerBinder".
SLF4J: Defaulting to no-operation (NOP) logger implementation
SLF4J: See http://www.slf4j.org/codes.html#StaticLoggerBinder for further details.
Jul 19, 2024 3:18:21 PM org.openqa.selenium.devtools.CdpVersionFinder findNearestMatch
WARNING: Unable to find an exact match for CDP version 126, returning the closest version; found: 125; Please update to a Selenium version that supports CDP version 126
]]></system-err>
  </testcase>
  <testcase name="runScenario[&quot;To verify successful login to Login Feature via multiple users.&quot;, &quot;Login Feature for Sauce Demo&quot;](2)" classname="showRunner.pkg.RunnerClass" time="2.711">
    <system-out><![CDATA[
@Sanity
Scenario Outline: To verify successful login to Login Feature via multiple users. &amp#27;[90m# Features/Login.feature:22&amp#27;[0m
Before each scenario
[INFO ] 2024-07-19 15:18:24.159 [main] StepDef - Chrome Browser initialized
[INFO ] 2024-07-19 15:18:24.162 [main] StepDef - Chrome Browser Opened
  &amp#27;[32mGiven &amp#27;[0m&amp#27;[32mOpen chrome browser&amp#27;[0m                                                       &amp#27;[90m# stepDefinition.pkg.StepDef.open_chrome_browser()&amp#27;[0m
[INFO ] 2024-07-19 15:18:24.671 [main] StepDef - URL searched in Browser
  &amp#27;[32mAnd &amp#27;[0m&amp#27;[32mSearch the Url in Browser as &amp#27;[0m&amp#27;[32m&amp#27;[1m"https://www.saucedemo.com/"&amp#27;[0m                   &amp#27;[90m# stepDefinition.pkg.StepDef.search_the_url_in_browser_as(java.lang.String)&amp#27;[0m
[INFO ] 2024-07-19 15:18:24.693 [main] StepDef - Page title is a match
  &amp#27;[32mAnd &amp#27;[0m&amp#27;[32mVerify the title of page as &amp#27;[0m&amp#27;[32m&amp#27;[1m"Swag Labs"&amp#27;[0m                                     &amp#27;[90m# stepDefinition.pkg.StepDef.verify_the_title_of_page_as(java.lang.String)&amp#27;[0m
[INFO ] 2024-07-19 15:18:25.133 [main] StepDef - Succesfully entered the credentials
  &amp#27;[32mWhen &amp#27;[0m&amp#27;[32mEnter the emailaddress as &amp#27;[0m&amp#27;[32m&amp#27;[1m"standard_user"&amp#27;[0m&amp#27;[32m and password as &amp#27;[0m&amp#27;[32m&amp#27;[1m"secret_saucc"&amp#27;[0m   &amp#27;[90m# stepDefinition.pkg.StepDef.enter_the_emailaddress_as_and_password_as(java.lang.String,java.lang.String)&amp#27;[0m
[INFO ] 2024-07-19 15:18:25.245 [main] StepDef - Clicked on login button
  &amp#27;[32mAnd &amp#27;[0m&amp#27;[32mClick on the Login Button&amp#27;[0m                                                   &amp#27;[90m# stepDefinition.pkg.StepDef.click_on_the_login_button()&amp#27;[0m
[INFO ] 2024-07-19 15:18:25.255 [main] StepDef - Page title is a match
  &amp#27;[32mThen &amp#27;[0m&amp#27;[32mVerify the title of page as &amp#27;[0m&amp#27;[32m&amp#27;[1m"Swag Labs"&amp#27;[0m                                    &amp#27;[90m# stepDefinition.pkg.StepDef.verify_the_title_of_page_as(java.lang.String)&amp#27;[0m
Before each scenario
[INFO ] 2024-07-19 15:18:25.391 [main] StepDef - Chrome Browser closed
]]></system-out>
    <system-err><![CDATA[Jul 19, 2024 3:18:24 PM org.openqa.selenium.devtools.CdpVersionFinder findNearestMatch
WARNING: Unable to find an exact match for CDP version 126, returning the closest version; found: 125; Please update to a Selenium version that supports CDP version 126
Jul 19, 2024 3:18:25 PM org.openqa.selenium.remote.http.WebSocket$Listener onError
WARNING: Connection reset
java.net.SocketException: Connection reset
	at java.base/sun.nio.ch.SocketChannelImpl.throwConnectionReset(SocketChannelImpl.java:401)
	at java.base/sun.nio.ch.SocketChannelImpl.read(SocketChannelImpl.java:434)
	at java.net.http/jdk.internal.net.http.SocketTube.readAvailable(SocketTube.java:1178)
	at java.net.http/jdk.internal.net.http.SocketTube$InternalReadPublisher$InternalReadSubscription.read(SocketTube.java:841)
	at java.net.http/jdk.internal.net.http.SocketTube$SocketFlowTask.run(SocketTube.java:181)
	at java.net.http/jdk.internal.net.http.common.SequentialScheduler$SchedulableTask.run(SequentialScheduler.java:207)
	at java.net.http/jdk.internal.net.http.common.SequentialScheduler.runOrSchedule(SequentialScheduler.java:280)
	at java.net.http/jdk.internal.net.http.common.SequentialScheduler.runOrSchedule(SequentialScheduler.java:233)
	at java.net.http/jdk.internal.net.http.SocketTube$InternalReadPublisher$InternalReadSubscription.signalReadable(SocketTube.java:782)
	at java.net.http/jdk.internal.net.http.SocketTube$InternalReadPublisher$ReadEvent.signalEvent(SocketTube.java:965)
	at java.net.http/jdk.internal.net.http.SocketTube$SocketFlowEvent.handle(SocketTube.java:253)
	at java.net.http/jdk.internal.net.http.HttpClientImpl$SelectorManager.handleEvent(HttpClientImpl.java:1467)
	at java.net.http/jdk.internal.net.http.HttpClientImpl$SelectorManager.lambda$run$3(HttpClientImpl.java:1412)
	at java.base/java.util.ArrayList.forEach(ArrayList.java:1596)
	at java.net.http/jdk.internal.net.http.HttpClientImpl$SelectorManager.run(HttpClientImpl.java:1412)

]]></system-err>
  </testcase>
  <testcase name="TC1" classname="showRunner.pkg.RunnerClass" time="0.001"/>
</testsuite>