<?xml version="1.0" encoding="UTF-8"?>
<testng-results ignored="0" total="3" passed="3" failed="0" skipped="0">
  <reporter-output>
  </reporter-output>
  <suite started-at="2024-07-19T15:18:17 IST" name="Suite" finished-at="2024-07-19T15:18:25 IST" duration-ms="8067">
    <groups>
      <group name="cucumber">
        <method signature="AbstractTestNGCucumberTests.runScenario(io.cucumber.testng.PickleWrapper,io.cucumber.testng.FeatureWrapper)[pri:0, instance:showRunner.pkg.RunnerClass@4082ba93]" name="runScenario" class="io.cucumber.testng.AbstractTestNGCucumberTests"/>
      </group> <!-- cucumber -->
    </groups>
    <test started-at="2024-07-19T15:18:17 IST" name="Test" finished-at="2024-07-19T15:18:25 IST" duration-ms="8067">
      <class name="showRunner.pkg.RunnerClass">
        <test-method is-config="true" signature="setUpClass(org.testng.ITestContext)[pri:0, instance:showRunner.pkg.RunnerClass@4082ba93]" started-at="2024-07-19T15:18:17 IST" name="setUpClass" finished-at="2024-07-19T15:18:18 IST" duration-ms="809" status="PASS">
          <params>
            <param index="0">
              <value>
                <![CDATA[org.testng.TestRunner@7b5b5bfe]]>
              </value>
            </param>
          </params>
          <reporter-output>
          </reporter-output>
        </test-method> <!-- setUpClass -->
        <test-method signature="runScenario(io.cucumber.testng.PickleWrapper,io.cucumber.testng.FeatureWrapper)[pri:0, instance:showRunner.pkg.RunnerClass@4082ba93]" started-at="2024-07-19T15:18:18 IST" name="runScenario" description="Runs Cucumber Scenarios" data-provider="scenarios" finished-at="2024-07-19T15:18:22 IST" duration-ms="4434" status="PASS">
          <params>
            <param index="0">
              <value>
                <![CDATA["To verify successful login to Login Feature via multiple users."]]>
              </value>
            </param>
            <param index="1">
              <value>
                <![CDATA["Login Feature for Sauce Demo"]]>
              </value>
            </param>
          </params>
          <reporter-output>
          </reporter-output>
        </test-method> <!-- runScenario -->
        <test-method signature="runScenario(io.cucumber.testng.PickleWrapper,io.cucumber.testng.FeatureWrapper)[pri:0, instance:showRunner.pkg.RunnerClass@4082ba93]" started-at="2024-07-19T15:18:22 IST" name="runScenario" description="Runs Cucumber Scenarios" data-provider="scenarios" finished-at="2024-07-19T15:18:25 IST" duration-ms="2715" status="PASS">
          <params>
            <param index="0">
              <value>
                <![CDATA["To verify successful login to Login Feature via multiple users."]]>
              </value>
            </param>
            <param index="1">
              <value>
                <![CDATA["Login Feature for Sauce Demo"]]>
              </value>
            </param>
          </params>
          <reporter-output>
          </reporter-output>
        </test-method> <!-- runScenario -->
        <test-method signature="TC1()[pri:0, instance:showRunner.pkg.RunnerClass@4082ba93]" started-at="2024-07-19T15:18:25 IST" name="TC1" finished-at="2024-07-19T15:18:25 IST" duration-ms="1" status="PASS">
          <reporter-output>
          </reporter-output>
        </test-method> <!-- TC1 -->
        <test-method is-config="true" signature="tearDownClass()[pri:0, instance:showRunner.pkg.RunnerClass@4082ba93]" started-at="2024-07-19T15:18:25 IST" name="tearDownClass" finished-at="2024-07-19T15:18:25 IST" duration-ms="43" status="PASS">
          <reporter-output>
          </reporter-output>
        </test-method> <!-- tearDownClass -->
      </class> <!-- showRunner.pkg.RunnerClass -->
    </test> <!-- Test -->
  </suite> <!-- Suite -->
</testng-results>
