<?xml version="1.0" encoding="UTF-8"?>
<testng-results ignored="0" total="4" passed="4" failed="0" skipped="0">
  <reporter-output>
  </reporter-output>
  <suite started-at="2024-07-19T18:21:10 IST" name="Suite" finished-at="2024-07-19T18:21:28 IST" duration-ms="17523">
    <groups>
      <group name="cucumber">
        <method signature="AbstractTestNGCucumberTests.runScenario(io.cucumber.testng.PickleWrapper,io.cucumber.testng.FeatureWrapper)[pri:0, instance:showRunner.pkg.RunnerClass@480d3575]" name="runScenario" class="io.cucumber.testng.AbstractTestNGCucumberTests"/>
      </group> <!-- cucumber -->
    </groups>
    <test started-at="2024-07-19T18:21:10 IST" name="Test" finished-at="2024-07-19T18:21:28 IST" duration-ms="17523">
      <class name="showRunner.pkg.RunnerClass">
        <test-method is-config="true" signature="setUpClass(org.testng.ITestContext)[pri:0, instance:showRunner.pkg.RunnerClass@480d3575]" started-at="2024-07-19T18:21:10 IST" name="setUpClass" finished-at="2024-07-19T18:21:11 IST" duration-ms="824" status="PASS">
          <params>
            <param index="0">
              <value>
                <![CDATA[org.testng.TestRunner@18a98913]]>
              </value>
            </param>
          </params>
          <reporter-output>
          </reporter-output>
        </test-method> <!-- setUpClass -->
        <test-method signature="runScenario(io.cucumber.testng.PickleWrapper,io.cucumber.testng.FeatureWrapper)[pri:0, instance:showRunner.pkg.RunnerClass@480d3575]" started-at="2024-07-19T18:21:11 IST" name="runScenario" description="Runs Cucumber Scenarios" data-provider="scenarios" finished-at="2024-07-19T18:21:18 IST" duration-ms="6795" status="PASS">
          <params>
            <param index="0">
              <value>
                <![CDATA["To verify successful login to Login Feature via multiple users."]]>
              </value>
            </param>
            <param index="1">
              <value>
                <![CDATA["Login Feature for Sauce Demo"]]>
              </value>
            </param>
          </params>
          <reporter-output>
          </reporter-output>
        </test-method> <!-- runScenario -->
        <test-method signature="runScenario(io.cucumber.testng.PickleWrapper,io.cucumber.testng.FeatureWrapper)[pri:0, instance:showRunner.pkg.RunnerClass@480d3575]" started-at="2024-07-19T18:21:18 IST" name="runScenario" description="Runs Cucumber Scenarios" data-provider="scenarios" finished-at="2024-07-19T18:21:21 IST" duration-ms="3336" status="PASS">
          <params>
            <param index="0">
              <value>
                <![CDATA["To verify successful login to Login Feature via multiple users."]]>
              </value>
            </param>
            <param index="1">
              <value>
                <![CDATA["Login Feature for Sauce Demo"]]>
              </value>
            </param>
          </params>
          <reporter-output>
          </reporter-output>
        </test-method> <!-- runScenario -->
        <test-method signature="runScenario(io.cucumber.testng.PickleWrapper,io.cucumber.testng.FeatureWrapper)[pri:0, instance:showRunner.pkg.RunnerClass@480d3575]" started-at="2024-07-19T18:21:21 IST" name="runScenario" description="Runs Cucumber Scenarios" data-provider="scenarios" finished-at="2024-07-19T18:21:27 IST" duration-ms="5975" status="PASS">
          <params>
            <param index="0">
              <value>
                <![CDATA["To buy products using the checkoutfeature"]]>
              </value>
            </param>
            <param index="1">
              <value>
                <![CDATA["To validate the product finalisation"]]>
              </value>
            </param>
          </params>
          <reporter-output>
          </reporter-output>
        </test-method> <!-- runScenario -->
        <test-method signature="TC1()[pri:0, instance:showRunner.pkg.RunnerClass@480d3575]" started-at="2024-07-19T18:21:27 IST" name="TC1" finished-at="2024-07-19T18:21:27 IST" duration-ms="2" status="PASS">
          <reporter-output>
          </reporter-output>
        </test-method> <!-- TC1 -->
        <test-method is-config="true" signature="tearDownClass()[pri:0, instance:showRunner.pkg.RunnerClass@480d3575]" started-at="2024-07-19T18:21:27 IST" name="tearDownClass" finished-at="2024-07-19T18:21:28 IST" duration-ms="504" status="PASS">
          <reporter-output>
          </reporter-output>
        </test-method> <!-- tearDownClass -->
      </class> <!-- showRunner.pkg.RunnerClass -->
    </test> <!-- Test -->
  </suite> <!-- Suite -->
</testng-results>
